<?xml version="1.0" encoding="UTF-8"?>
<!-- Generated by org.testng.reporters.JUnitReportReporter -->
<testsuite name="docker.Setup_DockerGrid" tests="2" time="20.036" ignored="0" failures="0" timestamp="28 nov 2019 17:57:56 GMT" skipped="0" hostname="MAYRLON-PC" errors="0">
  <testcase name="stopDockerGrid" time="5.017" classname="docker.Setup_DockerGrid"/>
  <testcase name="startDockerGrid" time="15.019" classname="docker.Setup_DockerGrid"/>
</testsuite> <!-- docker.Setup_DockerGrid -->
