<?xml version="1.0" encoding="UTF-8"?>
<!-- Generated by org.testng.reporters.JUnitReportReporter -->
<testsuite name="docker.FirefoxTest" tests="1" time="15.883" ignored="0" failures="0" timestamp="28 nov 2019 18:01:35 GMT" skipped="0" hostname="MAYRLON-PC" errors="0">
  <testcase name="test4" time="15.883" classname="docker.FirefoxTest"/>
</testsuite> <!-- docker.FirefoxTest -->
