<?xml version="1.0" encoding="UTF-8"?>
<!-- Generated by org.testng.reporters.JUnitReportReporter -->
<testsuite name="docker.ChromeTest2" tests="1" time="10.777" ignored="0" failures="0" timestamp="28 nov 2019 20:48:58 GMT" skipped="0" hostname="MAYRLON-PC" errors="0">
  <testcase name="test2" time="10.777" classname="docker.ChromeTest2"/>
</testsuite> <!-- docker.ChromeTest2 -->
