<?xml version="1.0" encoding="UTF-8"?>
<!-- Generated by org.testng.reporters.JUnitReportReporter -->
<testsuite name="docker.FirefoxTest" tests="1" time="13.697" ignored="0" failures="0" timestamp="28 nov 2019 20:48:58 GMT" skipped="0" hostname="MAYRLON-PC" errors="0">
  <testcase name="test4" time="13.697" classname="docker.FirefoxTest"/>
</testsuite> <!-- docker.FirefoxTest -->
