<?xml version="1.0" encoding="UTF-8"?>
<!-- Generated by org.testng.reporters.JUnitReportReporter -->
<testsuite name="docker.ChromeTest1" tests="1" time="12.788" ignored="0" failures="0" timestamp="28 nov 2019 20:48:58 GMT" skipped="0" hostname="MAYRLON-PC" errors="0">
  <testcase name="test1" time="12.788" classname="docker.ChromeTest1"/>
</testsuite> <!-- docker.ChromeTest1 -->
